1589624451761	mozrunner::runner	INFO	Running command: "/usr/bin/firefox" "-marionette" "-foreground" "-no-remote" "-profile" "/tmp/rust_mozprofileaTWuFq"
1589624452014	addons.webextension.doh-rollout@mozilla.org	WARN	Loading extension 'doh-rollout@mozilla.org': Reading manifest: Invalid extension permission: networkStatus
1589624452232	addons.webextension.screenshots@mozilla.org	WARN	Loading extension 'screenshots@mozilla.org': Reading manifest: Invalid extension permission: mozillaAddons
1589624452232	addons.webextension.screenshots@mozilla.org	WARN	Loading extension 'screenshots@mozilla.org': Reading manifest: Invalid extension permission: telemetry
1589624452232	addons.webextension.screenshots@mozilla.org	WARN	Loading extension 'screenshots@mozilla.org': Reading manifest: Invalid extension permission: resource://pdf.js/
1589624452232	addons.webextension.screenshots@mozilla.org	WARN	Loading extension 'screenshots@mozilla.org': Reading manifest: Invalid extension permission: about:reader*
1589624453343	Marionette	INFO	Listening on port 45967
1589624453365	Marionette	WARN	TLS certificate errors will be ignored for this session
1589624464621	Marionette	INFO	Stopped listening on port 45967
1589915383806	mozrunner::runner	INFO	Running command: "/usr/bin/firefox" "-marionette" "-foreground" "-no-remote" "-profile" "/tmp/rust_mozprofilekVSWxb"
1589915384282	addons.webextension.doh-rollout@mozilla.org	WARN	Loading extension 'doh-rollout@mozilla.org': Reading manifest: Invalid extension permission: networkStatus
1589915384510	addons.webextension.screenshots@mozilla.org	WARN	Loading extension 'screenshots@mozilla.org': Reading manifest: Invalid extension permission: mozillaAddons
1589915384510	addons.webextension.screenshots@mozilla.org	WARN	Loading extension 'screenshots@mozilla.org': Reading manifest: Invalid extension permission: telemetry
1589915384510	addons.webextension.screenshots@mozilla.org	WARN	Loading extension 'screenshots@mozilla.org': Reading manifest: Invalid extension permission: resource://pdf.js/
1589915384511	addons.webextension.screenshots@mozilla.org	WARN	Loading extension 'screenshots@mozilla.org': Reading manifest: Invalid extension permission: about:reader*
1589915385685	Marionette	INFO	Listening on port 40797
1589915385712	Marionette	WARN	TLS certificate errors will be ignored for this session
1589915814003	mozrunner::runner	INFO	Running command: "/usr/bin/firefox" "-marionette" "-foreground" "-no-remote" "-profile" "/tmp/rust_mozprofileLvYRQZ"
1589915814428	addons.webextension.doh-rollout@mozilla.org	WARN	Loading extension 'doh-rollout@mozilla.org': Reading manifest: Invalid extension permission: networkStatus
1589915814665	addons.webextension.screenshots@mozilla.org	WARN	Loading extension 'screenshots@mozilla.org': Reading manifest: Invalid extension permission: mozillaAddons
1589915814665	addons.webextension.screenshots@mozilla.org	WARN	Loading extension 'screenshots@mozilla.org': Reading manifest: Invalid extension permission: telemetry
1589915814666	addons.webextension.screenshots@mozilla.org	WARN	Loading extension 'screenshots@mozilla.org': Reading manifest: Invalid extension permission: resource://pdf.js/
1589915814666	addons.webextension.screenshots@mozilla.org	WARN	Loading extension 'screenshots@mozilla.org': Reading manifest: Invalid extension permission: about:reader*
1589915815963	Marionette	INFO	Listening on port 37129
1589915816007	Marionette	WARN	TLS certificate errors will be ignored for this session
1589915818049	Marionette	INFO	Stopped listening on port 40797
Exiting due to channel error.
Exiting due to channel error.
Exiting due to channel error.
1589915923990	mozrunner::runner	INFO	Running command: "/usr/bin/firefox" "-marionette" "-foreground" "-no-remote" "-profile" "/tmp/rust_mozprofileVBTZSp"
1589915924315	addons.webextension.doh-rollout@mozilla.org	WARN	Loading extension 'doh-rollout@mozilla.org': Reading manifest: Invalid extension permission: networkStatus
1589915924547	addons.webextension.screenshots@mozilla.org	WARN	Loading extension 'screenshots@mozilla.org': Reading manifest: Invalid extension permission: mozillaAddons
1589915924547	addons.webextension.screenshots@mozilla.org	WARN	Loading extension 'screenshots@mozilla.org': Reading manifest: Invalid extension permission: telemetry
1589915924547	addons.webextension.screenshots@mozilla.org	WARN	Loading extension 'screenshots@mozilla.org': Reading manifest: Invalid extension permission: resource://pdf.js/
1589915924547	addons.webextension.screenshots@mozilla.org	WARN	Loading extension 'screenshots@mozilla.org': Reading manifest: Invalid extension permission: about:reader*
1589915925844	Marionette	INFO	Listening on port 40085
1589915925895	Marionette	WARN	TLS certificate errors will be ignored for this session
1589916638535	mozrunner::runner	INFO	Running command: "/usr/bin/firefox" "-marionette" "-foreground" "-no-remote" "-profile" "/tmp/rust_mozprofilebjHELM"
1589916638841	addons.webextension.doh-rollout@mozilla.org	WARN	Loading extension 'doh-rollout@mozilla.org': Reading manifest: Invalid extension permission: networkStatus
1589916639056	addons.webextension.screenshots@mozilla.org	WARN	Loading extension 'screenshots@mozilla.org': Reading manifest: Invalid extension permission: mozillaAddons
1589916639056	addons.webextension.screenshots@mozilla.org	WARN	Loading extension 'screenshots@mozilla.org': Reading manifest: Invalid extension permission: telemetry
1589916639056	addons.webextension.screenshots@mozilla.org	WARN	Loading extension 'screenshots@mozilla.org': Reading manifest: Invalid extension permission: resource://pdf.js/
1589916639056	addons.webextension.screenshots@mozilla.org	WARN	Loading extension 'screenshots@mozilla.org': Reading manifest: Invalid extension permission: about:reader*
1589916640236	Marionette	INFO	Listening on port 39683
1589916640246	Marionette	WARN	TLS certificate errors will be ignored for this session
1589956554985	mozrunner::runner	INFO	Running command: "/usr/bin/firefox" "-marionette" "-foreground" "-no-remote" "-profile" "/tmp/rust_mozprofileHKUQFG"
1589956555239	addons.webextension.doh-rollout@mozilla.org	WARN	Loading extension 'doh-rollout@mozilla.org': Reading manifest: Invalid extension permission: networkStatus
1589956555452	addons.webextension.screenshots@mozilla.org	WARN	Loading extension 'screenshots@mozilla.org': Reading manifest: Invalid extension permission: mozillaAddons
1589956555452	addons.webextension.screenshots@mozilla.org	WARN	Loading extension 'screenshots@mozilla.org': Reading manifest: Invalid extension permission: telemetry
1589956555452	addons.webextension.screenshots@mozilla.org	WARN	Loading extension 'screenshots@mozilla.org': Reading manifest: Invalid extension permission: resource://pdf.js/
1589956555452	addons.webextension.screenshots@mozilla.org	WARN	Loading extension 'screenshots@mozilla.org': Reading manifest: Invalid extension permission: about:reader*
1589956556554	Marionette	INFO	Listening on port 44231
1589956556589	Marionette	WARN	TLS certificate errors will be ignored for this session
JavaScript error: https://github.githubassets.com/assets/frameworks-fba35de1.js, line 1: Error: HTTP 429 Too Many Requests
JavaScript error: https://github.githubassets.com/assets/frameworks-fba35de1.js, line 1: Error: HTTP 429 Too Many Requests
JavaScript error: https://github.githubassets.com/assets/frameworks-fba35de1.js, line 1: Error: HTTP 429 Too Many Requests
JavaScript error: https://github.githubassets.com/assets/frameworks-fba35de1.js, line 1: Error: HTTP 429 Too Many Requests
JavaScript error: https://github.githubassets.com/assets/frameworks-fba35de1.js, line 1: Error: HTTP 429 Too Many Requests
JavaScript error: https://github.githubassets.com/assets/frameworks-fba35de1.js, line 1: Error: HTTP 429 Too Many Requests
JavaScript error: https://github.githubassets.com/assets/frameworks-fba35de1.js, line 1: Error: HTTP 429 Too Many Requests
JavaScript error: https://github.githubassets.com/assets/frameworks-fba35de1.js, line 1: Error: HTTP 429 Too Many Requests
JavaScript error: https://github.githubassets.com/assets/frameworks-fba35de1.js, line 1: Error: HTTP 429 Too Many Requests
JavaScript error: https://github.githubassets.com/assets/frameworks-fba35de1.js, line 1: Error: HTTP 429 Too Many Requests
JavaScript error: https://github.githubassets.com/assets/frameworks-fba35de1.js, line 1: Error: HTTP 429 Too Many Requests
JavaScript error: https://github.githubassets.com/assets/frameworks-fba35de1.js, line 1: Error: HTTP 429 Too Many Requests
JavaScript error: https://github.githubassets.com/assets/frameworks-fba35de1.js, line 1: Error: HTTP 429 Too Many Requests
JavaScript error: https://github.githubassets.com/assets/frameworks-fba35de1.js, line 1: Error: HTTP 429 Too Many Requests
JavaScript error: https://github.githubassets.com/assets/frameworks-fba35de1.js, line 1: Error: HTTP 429 Too Many Requests
JavaScript error: https://github.githubassets.com/assets/frameworks-fba35de1.js, line 1: Error: HTTP 429 Too Many Requests
JavaScript error: https://github.githubassets.com/assets/frameworks-fba35de1.js, line 1: Error: HTTP 429 Too Many Requests
JavaScript error: https://github.githubassets.com/assets/frameworks-fba35de1.js, line 1: Error: HTTP 429 Too Many Requests
JavaScript error: https://github.githubassets.com/assets/frameworks-fba35de1.js, line 1: Error: HTTP 429 Too Many Requests
JavaScript error: https://github.githubassets.com/assets/frameworks-fba35de1.js, line 1: Error: HTTP 429 Too Many Requests
JavaScript error: https://github.githubassets.com/assets/frameworks-fba35de1.js, line 1: Error: HTTP 429 Too Many Requests
JavaScript error: https://github.githubassets.com/assets/frameworks-fba35de1.js, line 1: Error: HTTP 429 Too Many Requests
JavaScript error: https://github.githubassets.com/assets/frameworks-fba35de1.js, line 1: Error: HTTP 429 Too Many Requests
JavaScript error: https://github.githubassets.com/assets/frameworks-fba35de1.js, line 1: Error: HTTP 429 Too Many Requests
JavaScript error: https://github.githubassets.com/assets/frameworks-fba35de1.js, line 1: Error: HTTP 429 Too Many Requests
JavaScript error: https://github.githubassets.com/assets/frameworks-fba35de1.js, line 1: Error: HTTP 429 Too Many Requests
JavaScript error: https://github.githubassets.com/assets/frameworks-fba35de1.js, line 1: Error: HTTP 429 Too Many Requests
JavaScript error: https://github.githubassets.com/assets/frameworks-fba35de1.js, line 1: Error: HTTP 429 Too Many Requests
JavaScript error: https://github.githubassets.com/assets/frameworks-fba35de1.js, line 1: Error: HTTP 429 Too Many Requests
JavaScript error: https://github.githubassets.com/assets/frameworks-fba35de1.js, line 1: Error: HTTP 429 Too Many Requests
JavaScript error: https://github.githubassets.com/assets/frameworks-fba35de1.js, line 1: Error: HTTP 429 Too Many Requests
JavaScript error: https://github.githubassets.com/assets/frameworks-fba35de1.js, line 1: Error: HTTP 429 Too Many Requests
JavaScript error: https://github.githubassets.com/assets/frameworks-fba35de1.js, line 1: Error: HTTP 429 Too Many Requests
JavaScript error: https://github.githubassets.com/assets/frameworks-fba35de1.js, line 1: Error: HTTP 429 Too Many Requests
JavaScript error: https://github.githubassets.com/assets/frameworks-fba35de1.js, line 1: Error: HTTP 429 Too Many Requests
JavaScript error: https://github.githubassets.com/assets/frameworks-fba35de1.js, line 1: Error: HTTP 429 Too Many Requests
JavaScript error: https://github.githubassets.com/assets/frameworks-fba35de1.js, line 1: Error: HTTP 429 Too Many Requests
JavaScript error: https://github.githubassets.com/assets/frameworks-fba35de1.js, line 1: Error: HTTP 429 Too Many Requests
JavaScript error: https://github.githubassets.com/assets/frameworks-fba35de1.js, line 1: Error: HTTP 429 Too Many Requests
JavaScript error: https://github.githubassets.com/assets/frameworks-fba35de1.js, line 1: Error: HTTP 429 Too Many Requests
JavaScript error: https://github.githubassets.com/assets/frameworks-fba35de1.js, line 1: Error: HTTP 429 Too Many Requests
JavaScript error: https://github.githubassets.com/assets/frameworks-fba35de1.js, line 1: Error: HTTP 429 Too Many Requests
JavaScript error: https://github.githubassets.com/assets/frameworks-fba35de1.js, line 1: Error: HTTP 429 Too Many Requests
JavaScript error: https://github.githubassets.com/assets/frameworks-fba35de1.js, line 1: Error: HTTP 429 Too Many Requests
JavaScript error: https://github.githubassets.com/assets/frameworks-fba35de1.js, line 1: Error: HTTP 429 Too Many Requests
JavaScript error: https://github.githubassets.com/assets/frameworks-fba35de1.js, line 1: Error: HTTP 429 Too Many Requests
JavaScript error: https://github.githubassets.com/assets/frameworks-fba35de1.js, line 1: Error: HTTP 429 Too Many Requests
JavaScript error: https://github.githubassets.com/assets/frameworks-fba35de1.js, line 1: Error: HTTP 429 Too Many Requests
JavaScript error: https://github.githubassets.com/assets/frameworks-fba35de1.js, line 1: Error: HTTP 429 Too Many Requests
JavaScript error: https://github.githubassets.com/assets/frameworks-fba35de1.js, line 1: Error: HTTP 429 Too Many Requests
JavaScript error: https://github.githubassets.com/assets/frameworks-fba35de1.js, line 1: Error: HTTP 429 Too Many Requests
JavaScript error: https://github.githubassets.com/assets/frameworks-fba35de1.js, line 1: Error: HTTP 429 Too Many Requests
JavaScript error: https://github.githubassets.com/assets/frameworks-fba35de1.js, line 1: Error: HTTP 429 Too Many Requests
JavaScript error: https://github.githubassets.com/assets/frameworks-fba35de1.js, line 1: Error: HTTP 429 Too Many Requests
JavaScript error: https://github.githubassets.com/assets/frameworks-fba35de1.js, line 1: Error: HTTP 429 Too Many Requests
JavaScript error: https://github.githubassets.com/assets/frameworks-fba35de1.js, line 1: Error: HTTP 429 Too Many Requests
JavaScript error: https://github.githubassets.com/assets/frameworks-fba35de1.js, line 1: Error: HTTP 429 Too Many Requests
JavaScript error: https://github.githubassets.com/assets/frameworks-fba35de1.js, line 1: Error: HTTP 429 Too Many Requests
JavaScript error: https://github.githubassets.com/assets/frameworks-fba35de1.js, line 1: Error: HTTP 429 Too Many Requests
JavaScript error: https://github.githubassets.com/assets/frameworks-fba35de1.js, line 1: Error: HTTP 429 Too Many Requests
JavaScript error: https://github.githubassets.com/assets/frameworks-fba35de1.js, line 1: Error: HTTP 429 Too Many Requests
JavaScript error: https://github.githubassets.com/assets/frameworks-fba35de1.js, line 1: Error: HTTP 429 Too Many Requests
JavaScript error: https://github.githubassets.com/assets/frameworks-fba35de1.js, line 1: Error: HTTP 429 Too Many Requests
JavaScript error: https://github.githubassets.com/assets/frameworks-fba35de1.js, line 1: Error: HTTP 429 Too Many Requests
JavaScript error: https://github.githubassets.com/assets/frameworks-fba35de1.js, line 1: Error: HTTP 429 Too Many Requests
JavaScript error: https://github.githubassets.com/assets/frameworks-fba35de1.js, line 1: Error: HTTP 429 Too Many Requests
JavaScript error: https://github.githubassets.com/assets/frameworks-fba35de1.js, line 1: Error: HTTP 429 Too Many Requests
1589958100932	Marionette	INFO	Stopped listening on port 39683
1589958104319	Marionette	INFO	Stopped listening on port 40085
Exiting due to channel error.
Exiting due to channel error.
Exiting due to channel error.
1589958139871	mozrunner::runner	INFO	Running command: "/usr/bin/firefox" "-marionette" "-foreground" "-no-remote" "-profile" "/tmp/rust_mozprofileMjAn0k"
1589958140139	addons.webextension.doh-rollout@mozilla.org	WARN	Loading extension 'doh-rollout@mozilla.org': Reading manifest: Invalid extension permission: networkStatus
1589958140356	addons.webextension.screenshots@mozilla.org	WARN	Loading extension 'screenshots@mozilla.org': Reading manifest: Invalid extension permission: mozillaAddons
1589958140356	addons.webextension.screenshots@mozilla.org	WARN	Loading extension 'screenshots@mozilla.org': Reading manifest: Invalid extension permission: telemetry
1589958140356	addons.webextension.screenshots@mozilla.org	WARN	Loading extension 'screenshots@mozilla.org': Reading manifest: Invalid extension permission: resource://pdf.js/
1589958140356	addons.webextension.screenshots@mozilla.org	WARN	Loading extension 'screenshots@mozilla.org': Reading manifest: Invalid extension permission: about:reader*
1589958141594	Marionette	INFO	Listening on port 42349
1589958141676	Marionette	WARN	TLS certificate errors will be ignored for this session
JavaScript error: https://github.githubassets.com/assets/frameworks-fba35de1.js, line 1: Error: HTTP 429 Too Many Requests
JavaScript error: https://github.githubassets.com/assets/frameworks-fba35de1.js, line 1: Error: HTTP 429 Too Many Requests
JavaScript error: https://github.githubassets.com/assets/frameworks-fba35de1.js, line 1: Error: HTTP 429 Too Many Requests
JavaScript error: https://github.githubassets.com/assets/frameworks-fba35de1.js, line 1: Error: HTTP 429 Too Many Requests
JavaScript error: https://github.githubassets.com/assets/frameworks-fba35de1.js, line 1: Error: HTTP 429 Too Many Requests
JavaScript error: https://github.githubassets.com/assets/frameworks-fba35de1.js, line 1: Error: HTTP 429 Too Many Requests
JavaScript error: https://github.githubassets.com/assets/frameworks-fba35de1.js, line 1: Error: HTTP 429 Too Many Requests
JavaScript error: https://github.githubassets.com/assets/frameworks-fba35de1.js, line 1: Error: HTTP 429 Too Many Requests
JavaScript error: https://github.githubassets.com/assets/frameworks-fba35de1.js, line 1: Error: HTTP 429 Too Many Requests
JavaScript error: https://github.githubassets.com/assets/frameworks-fba35de1.js, line 1: Error: HTTP 429 Too Many Requests
JavaScript error: https://github.githubassets.com/assets/frameworks-fba35de1.js, line 1: Error: HTTP 429 Too Many Requests
JavaScript error: https://github.githubassets.com/assets/frameworks-fba35de1.js, line 1: Error: HTTP 429 Too Many Requests
JavaScript error: https://github.githubassets.com/assets/frameworks-fba35de1.js, line 1: Error: HTTP 429 Too Many Requests
JavaScript error: https://github.githubassets.com/assets/frameworks-fba35de1.js, line 1: Error: HTTP 429 Too Many Requests
JavaScript error: https://github.githubassets.com/assets/frameworks-fba35de1.js, line 1: Error: HTTP 429 Too Many Requests
JavaScript error: https://github.githubassets.com/assets/frameworks-fba35de1.js, line 1: Error: HTTP 429 Too Many Requests
JavaScript error: https://github.githubassets.com/assets/frameworks-fba35de1.js, line 1: Error: HTTP 429 Too Many Requests
JavaScript error: https://github.githubassets.com/assets/frameworks-fba35de1.js, line 1: Error: HTTP 429 Too Many Requests
JavaScript error: https://github.githubassets.com/assets/frameworks-fba35de1.js, line 1: Error: HTTP 429 Too Many Requests
JavaScript error: https://github.githubassets.com/assets/frameworks-fba35de1.js, line 1: Error: HTTP 429 Too Many Requests
JavaScript error: https://github.githubassets.com/assets/frameworks-fba35de1.js, line 1: Error: HTTP 429 Too Many Requests
JavaScript error: https://github.githubassets.com/assets/frameworks-fba35de1.js, line 1: Error: HTTP 429 Too Many Requests
JavaScript error: https://github.githubassets.com/assets/frameworks-fba35de1.js, line 1: Error: HTTP 429 Too Many Requests
JavaScript error: https://github.githubassets.com/assets/frameworks-fba35de1.js, line 1: Error: HTTP 429 Too Many Requests
JavaScript error: https://github.githubassets.com/assets/frameworks-fba35de1.js, line 1: Error: HTTP 429 Too Many Requests
JavaScript error: https://github.githubassets.com/assets/frameworks-fba35de1.js, line 1: Error: HTTP 429 Too Many Requests
JavaScript error: https://github.githubassets.com/assets/frameworks-fba35de1.js, line 1: Error: HTTP 429 Too Many Requests
JavaScript error: https://github.githubassets.com/assets/frameworks-fba35de1.js, line 1: Error: HTTP 429 Too Many Requests
JavaScript error: https://github.githubassets.com/assets/frameworks-fba35de1.js, line 1: Error: HTTP 429 Too Many Requests
JavaScript error: https://github.githubassets.com/assets/frameworks-fba35de1.js, line 1: Error: HTTP 429 Too Many Requests
JavaScript error: https://github.githubassets.com/assets/frameworks-fba35de1.js, line 1: Error: HTTP 429 Too Many Requests
JavaScript error: https://github.githubassets.com/assets/frameworks-fba35de1.js, line 1: Error: HTTP 429 Too Many Requests
JavaScript error: https://github.githubassets.com/assets/frameworks-fba35de1.js, line 1: Error: HTTP 429 Too Many Requests
JavaScript error: https://github.githubassets.com/assets/frameworks-fba35de1.js, line 1: Error: HTTP 429 Too Many Requests
JavaScript error: https://github.githubassets.com/assets/frameworks-fba35de1.js, line 1: Error: HTTP 429 Too Many Requests
JavaScript error: https://github.githubassets.com/assets/frameworks-fba35de1.js, line 1: Error: HTTP 429 Too Many Requests
JavaScript error: https://github.githubassets.com/assets/frameworks-fba35de1.js, line 1: Error: HTTP 429 Too Many Requests
JavaScript error: https://github.githubassets.com/assets/frameworks-fba35de1.js, line 1: Error: HTTP 429 Too Many Requests
JavaScript error: https://github.githubassets.com/assets/frameworks-fba35de1.js, line 1: Error: HTTP 429 Too Many Requests
JavaScript error: https://github.githubassets.com/assets/frameworks-fba35de1.js, line 1: Error: HTTP 429 Too Many Requests
JavaScript error: https://github.githubassets.com/assets/frameworks-fba35de1.js, line 1: Error: HTTP 429 Too Many Requests
JavaScript error: https://github.githubassets.com/assets/frameworks-fba35de1.js, line 1: Error: HTTP 429 Too Many Requests
JavaScript error: https://github.githubassets.com/assets/frameworks-fba35de1.js, line 1: Error: HTTP 429 Too Many Requests
JavaScript error: https://github.githubassets.com/assets/frameworks-fba35de1.js, line 1: Error: HTTP 429 Too Many Requests
JavaScript error: https://github.githubassets.com/assets/frameworks-fba35de1.js, line 1: Error: HTTP 429 Too Many Requests
JavaScript error: https://github.githubassets.com/assets/frameworks-fba35de1.js, line 1: Error: HTTP 429 Too Many Requests
JavaScript error: https://github.githubassets.com/assets/frameworks-fba35de1.js, line 1: Error: HTTP 429 Too Many Requests
JavaScript error: https://github.githubassets.com/assets/frameworks-fba35de1.js, line 1: Error: HTTP 429 Too Many Requests
JavaScript error: https://github.githubassets.com/assets/frameworks-fba35de1.js, line 1: Error: HTTP 429 Too Many Requests
JavaScript error: https://github.githubassets.com/assets/frameworks-fba35de1.js, line 1: Error: HTTP 429 Too Many Requests
JavaScript error: https://github.githubassets.com/assets/frameworks-fba35de1.js, line 1: Error: HTTP 429 Too Many Requests
JavaScript error: https://github.githubassets.com/assets/frameworks-fba35de1.js, line 1: Error: HTTP 429 Too Many Requests
JavaScript error: https://github.githubassets.com/assets/frameworks-fba35de1.js, line 1: Error: HTTP 429 Too Many Requests
1589958551083	Marionette	INFO	Stopped listening on port 42349
1590650173376	mozrunner::runner	INFO	Running command: "/usr/bin/firefox" "-marionette" "-foreground" "-no-remote" "-profile" "/tmp/rust_mozprofileq2jz82"
1590650173789	addons.webextension.doh-rollout@mozilla.org	WARN	Loading extension 'doh-rollout@mozilla.org': Reading manifest: Invalid extension permission: networkStatus
1590650174007	addons.webextension.screenshots@mozilla.org	WARN	Loading extension 'screenshots@mozilla.org': Reading manifest: Invalid extension permission: mozillaAddons
1590650174007	addons.webextension.screenshots@mozilla.org	WARN	Loading extension 'screenshots@mozilla.org': Reading manifest: Invalid extension permission: telemetry
1590650174007	addons.webextension.screenshots@mozilla.org	WARN	Loading extension 'screenshots@mozilla.org': Reading manifest: Invalid extension permission: resource://pdf.js/
1590650174007	addons.webextension.screenshots@mozilla.org	WARN	Loading extension 'screenshots@mozilla.org': Reading manifest: Invalid extension permission: about:reader*
1590650175187	Marionette	INFO	Listening on port 34549
1590650175281	Marionette	WARN	TLS certificate errors will be ignored for this session
1590650183619	Marionette	INFO	Stopped listening on port 34549
1590650345473	mozrunner::runner	INFO	Running command: "/usr/bin/firefox" "-marionette" "-foreground" "-no-remote" "-profile" "/tmp/rust_mozprofilen0mZiq"
1590650345719	addons.webextension.doh-rollout@mozilla.org	WARN	Loading extension 'doh-rollout@mozilla.org': Reading manifest: Invalid extension permission: networkStatus
1590650345925	addons.webextension.screenshots@mozilla.org	WARN	Loading extension 'screenshots@mozilla.org': Reading manifest: Invalid extension permission: mozillaAddons
1590650345925	addons.webextension.screenshots@mozilla.org	WARN	Loading extension 'screenshots@mozilla.org': Reading manifest: Invalid extension permission: telemetry
1590650345925	addons.webextension.screenshots@mozilla.org	WARN	Loading extension 'screenshots@mozilla.org': Reading manifest: Invalid extension permission: resource://pdf.js/
1590650345925	addons.webextension.screenshots@mozilla.org	WARN	Loading extension 'screenshots@mozilla.org': Reading manifest: Invalid extension permission: about:reader*
1590650346961	Marionette	INFO	Listening on port 40219
1590650346979	Marionette	WARN	TLS certificate errors will be ignored for this session
1590650361861	Marionette	INFO	Stopped listening on port 40219
1590650834105	mozrunner::runner	INFO	Running command: "/usr/bin/firefox" "-marionette" "-foreground" "-no-remote" "-profile" "/tmp/rust_mozprofile1U8QXp"
1590650834309	addons.webextension.doh-rollout@mozilla.org	WARN	Loading extension 'doh-rollout@mozilla.org': Reading manifest: Invalid extension permission: networkStatus
1590650834522	addons.webextension.screenshots@mozilla.org	WARN	Loading extension 'screenshots@mozilla.org': Reading manifest: Invalid extension permission: mozillaAddons
1590650834522	addons.webextension.screenshots@mozilla.org	WARN	Loading extension 'screenshots@mozilla.org': Reading manifest: Invalid extension permission: telemetry
1590650834523	addons.webextension.screenshots@mozilla.org	WARN	Loading extension 'screenshots@mozilla.org': Reading manifest: Invalid extension permission: resource://pdf.js/
1590650834523	addons.webextension.screenshots@mozilla.org	WARN	Loading extension 'screenshots@mozilla.org': Reading manifest: Invalid extension permission: about:reader*
1590650835558	Marionette	INFO	Listening on port 40841
1590650835609	Marionette	WARN	TLS certificate errors will be ignored for this session
1590650852208	Marionette	INFO	Stopped listening on port 40841
1590650878065	mozrunner::runner	INFO	Running command: "/usr/bin/firefox" "-marionette" "-foreground" "-no-remote" "-profile" "/tmp/rust_mozprofileYWH841"
1590650878269	addons.webextension.doh-rollout@mozilla.org	WARN	Loading extension 'doh-rollout@mozilla.org': Reading manifest: Invalid extension permission: networkStatus
1590650878479	addons.webextension.screenshots@mozilla.org	WARN	Loading extension 'screenshots@mozilla.org': Reading manifest: Invalid extension permission: mozillaAddons
1590650878479	addons.webextension.screenshots@mozilla.org	WARN	Loading extension 'screenshots@mozilla.org': Reading manifest: Invalid extension permission: telemetry
1590650878479	addons.webextension.screenshots@mozilla.org	WARN	Loading extension 'screenshots@mozilla.org': Reading manifest: Invalid extension permission: resource://pdf.js/
1590650878479	addons.webextension.screenshots@mozilla.org	WARN	Loading extension 'screenshots@mozilla.org': Reading manifest: Invalid extension permission: about:reader*
1590650879519	Marionette	INFO	Listening on port 42597
1590650879568	Marionette	WARN	TLS certificate errors will be ignored for this session
Exiting due to channel error.
Exiting due to channel error.
Exiting due to channel error.
1590651178926	mozrunner::runner	INFO	Running command: "/usr/bin/firefox" "-marionette" "-foreground" "-no-remote" "-profile" "/tmp/rust_mozprofileg2uiCI"
1590651179171	addons.webextension.doh-rollout@mozilla.org	WARN	Loading extension 'doh-rollout@mozilla.org': Reading manifest: Invalid extension permission: networkStatus
1590651179426	addons.webextension.screenshots@mozilla.org	WARN	Loading extension 'screenshots@mozilla.org': Reading manifest: Invalid extension permission: mozillaAddons
1590651179426	addons.webextension.screenshots@mozilla.org	WARN	Loading extension 'screenshots@mozilla.org': Reading manifest: Invalid extension permission: telemetry
1590651179426	addons.webextension.screenshots@mozilla.org	WARN	Loading extension 'screenshots@mozilla.org': Reading manifest: Invalid extension permission: resource://pdf.js/
1590651179426	addons.webextension.screenshots@mozilla.org	WARN	Loading extension 'screenshots@mozilla.org': Reading manifest: Invalid extension permission: about:reader*
1590651180503	Marionette	INFO	Listening on port 40333
1590651180531	Marionette	WARN	TLS certificate errors will be ignored for this session
1590654994397	mozrunner::runner	INFO	Running command: "/usr/bin/firefox" "-marionette" "-foreground" "-no-remote" "-profile" "/tmp/rust_mozprofileyRNhXw"
1590654994622	addons.webextension.doh-rollout@mozilla.org	WARN	Loading extension 'doh-rollout@mozilla.org': Reading manifest: Invalid extension permission: networkStatus
1590654994848	addons.webextension.screenshots@mozilla.org	WARN	Loading extension 'screenshots@mozilla.org': Reading manifest: Invalid extension permission: mozillaAddons
1590654994848	addons.webextension.screenshots@mozilla.org	WARN	Loading extension 'screenshots@mozilla.org': Reading manifest: Invalid extension permission: telemetry
1590654994849	addons.webextension.screenshots@mozilla.org	WARN	Loading extension 'screenshots@mozilla.org': Reading manifest: Invalid extension permission: resource://pdf.js/
1590654994849	addons.webextension.screenshots@mozilla.org	WARN	Loading extension 'screenshots@mozilla.org': Reading manifest: Invalid extension permission: about:reader*
1590654995976	Marionette	INFO	Listening on port 38881
1590654996001	Marionette	WARN	TLS certificate errors will be ignored for this session
Exiting due to channel error.
Exiting due to channel error.
Exiting due to channel error.
Exiting due to channel error.
Exiting due to channel error.
Exiting due to channel error.
1590655377118	mozrunner::runner	INFO	Running command: "/usr/bin/firefox" "-marionette" "-foreground" "-no-remote" "-profile" "/tmp/rust_mozprofileNITl3B"
1590655377326	addons.webextension.doh-rollout@mozilla.org	WARN	Loading extension 'doh-rollout@mozilla.org': Reading manifest: Invalid extension permission: networkStatus
1590655377542	addons.webextension.screenshots@mozilla.org	WARN	Loading extension 'screenshots@mozilla.org': Reading manifest: Invalid extension permission: mozillaAddons
1590655377542	addons.webextension.screenshots@mozilla.org	WARN	Loading extension 'screenshots@mozilla.org': Reading manifest: Invalid extension permission: telemetry
1590655377542	addons.webextension.screenshots@mozilla.org	WARN	Loading extension 'screenshots@mozilla.org': Reading manifest: Invalid extension permission: resource://pdf.js/
1590655377542	addons.webextension.screenshots@mozilla.org	WARN	Loading extension 'screenshots@mozilla.org': Reading manifest: Invalid extension permission: about:reader*
1590655378670	Marionette	INFO	Listening on port 45381
1590655378723	Marionette	WARN	TLS certificate errors will be ignored for this session
JavaScript error: , line 0: TypeError: NetworkError when attempting to fetch resource.
JavaScript error: , line 0: TypeError: NetworkError when attempting to fetch resource.
JavaScript error: , line 0: TypeError: NetworkError when attempting to fetch resource.
Exiting due to channel error.
Exiting due to channel error.
Exiting due to channel error.
1590668973765	mozrunner::runner	INFO	Running command: "/usr/bin/firefox" "-marionette" "-foreground" "-no-remote" "-profile" "/tmp/rust_mozprofile64IDMz"
1590668974160	addons.webextension.doh-rollout@mozilla.org	WARN	Loading extension 'doh-rollout@mozilla.org': Reading manifest: Invalid extension permission: networkStatus
1590668974367	addons.webextension.screenshots@mozilla.org	WARN	Loading extension 'screenshots@mozilla.org': Reading manifest: Invalid extension permission: mozillaAddons
1590668974367	addons.webextension.screenshots@mozilla.org	WARN	Loading extension 'screenshots@mozilla.org': Reading manifest: Invalid extension permission: telemetry
1590668974367	addons.webextension.screenshots@mozilla.org	WARN	Loading extension 'screenshots@mozilla.org': Reading manifest: Invalid extension permission: resource://pdf.js/
1590668974369	addons.webextension.screenshots@mozilla.org	WARN	Loading extension 'screenshots@mozilla.org': Reading manifest: Invalid extension permission: about:reader*
1590668975631	Marionette	INFO	Listening on port 39323
1590668975672	Marionette	WARN	TLS certificate errors will be ignored for this session
JavaScript error: , line 0: TypeError: NetworkError when attempting to fetch resource.
Exiting due to channel error.
Exiting due to channel error.
Exiting due to channel error.
1590670225809	mozrunner::runner	INFO	Running command: "/usr/bin/firefox" "-marionette" "-foreground" "-no-remote" "-profile" "/tmp/rust_mozprofilejqQzgp"
1590670226056	addons.webextension.doh-rollout@mozilla.org	WARN	Loading extension 'doh-rollout@mozilla.org': Reading manifest: Invalid extension permission: networkStatus
1590670226268	addons.webextension.screenshots@mozilla.org	WARN	Loading extension 'screenshots@mozilla.org': Reading manifest: Invalid extension permission: mozillaAddons
1590670226268	addons.webextension.screenshots@mozilla.org	WARN	Loading extension 'screenshots@mozilla.org': Reading manifest: Invalid extension permission: telemetry
1590670226268	addons.webextension.screenshots@mozilla.org	WARN	Loading extension 'screenshots@mozilla.org': Reading manifest: Invalid extension permission: resource://pdf.js/
1590670226268	addons.webextension.screenshots@mozilla.org	WARN	Loading extension 'screenshots@mozilla.org': Reading manifest: Invalid extension permission: about:reader*
1590670227374	Marionette	INFO	Listening on port 39409
1590670227414	Marionette	WARN	TLS certificate errors will be ignored for this session
Exiting due to channel error.
Exiting due to channel error.
Exiting due to channel error.
1590733384845	mozrunner::runner	INFO	Running command: "/usr/bin/firefox" "-marionette" "-foreground" "-no-remote" "-profile" "/tmp/rust_mozprofileNOqUPo"
1590733385278	addons.webextension.doh-rollout@mozilla.org	WARN	Loading extension 'doh-rollout@mozilla.org': Reading manifest: Invalid extension permission: networkStatus
1590733385545	addons.webextension.screenshots@mozilla.org	WARN	Loading extension 'screenshots@mozilla.org': Reading manifest: Invalid extension permission: mozillaAddons
1590733385545	addons.webextension.screenshots@mozilla.org	WARN	Loading extension 'screenshots@mozilla.org': Reading manifest: Invalid extension permission: telemetry
1590733385545	addons.webextension.screenshots@mozilla.org	WARN	Loading extension 'screenshots@mozilla.org': Reading manifest: Invalid extension permission: resource://pdf.js/
1590733385545	addons.webextension.screenshots@mozilla.org	WARN	Loading extension 'screenshots@mozilla.org': Reading manifest: Invalid extension permission: about:reader*
1590733386779	Marionette	INFO	Listening on port 43275
1590733386851	Marionette	WARN	TLS certificate errors will be ignored for this session
JavaScript error: , line 0: TypeError: NetworkError when attempting to fetch resource.
1590736440197	Marionette	INFO	Stopped listening on port 43275
1590736443161	mozrunner::runner	INFO	Running command: "/usr/bin/firefox" "-marionette" "-foreground" "-no-remote" "-profile" "/tmp/rust_mozprofileL8CmFc"
1590736443468	addons.webextension.doh-rollout@mozilla.org	WARN	Loading extension 'doh-rollout@mozilla.org': Reading manifest: Invalid extension permission: networkStatus
1590736443687	addons.webextension.screenshots@mozilla.org	WARN	Loading extension 'screenshots@mozilla.org': Reading manifest: Invalid extension permission: mozillaAddons
1590736443687	addons.webextension.screenshots@mozilla.org	WARN	Loading extension 'screenshots@mozilla.org': Reading manifest: Invalid extension permission: telemetry
1590736443687	addons.webextension.screenshots@mozilla.org	WARN	Loading extension 'screenshots@mozilla.org': Reading manifest: Invalid extension permission: resource://pdf.js/
1590736443687	addons.webextension.screenshots@mozilla.org	WARN	Loading extension 'screenshots@mozilla.org': Reading manifest: Invalid extension permission: about:reader*
1590736444829	Marionette	INFO	Listening on port 34405
1590736444867	Marionette	WARN	TLS certificate errors will be ignored for this session
JavaScript error: , line 0: TypeError: NetworkError when attempting to fetch resource.
JavaScript error: , line 0: TypeError: NetworkError when attempting to fetch resource.
JavaScript error: , line 0: TypeError: NetworkError when attempting to fetch resource.
JavaScript error: , line 0: TypeError: NetworkError when attempting to fetch resource.
JavaScript error: , line 0: TypeError: NetworkError when attempting to fetch resource.
JavaScript error: , line 0: TypeError: NetworkError when attempting to fetch resource.
JavaScript error: , line 0: TypeError: NetworkError when attempting to fetch resource.
JavaScript error: , line 0: TypeError: NetworkError when attempting to fetch resource.
Exiting due to channel error.
Exiting due to channel error.
Exiting due to channel error.
1590823853232	mozrunner::runner	INFO	Running command: "/usr/bin/firefox" "-marionette" "-foreground" "-no-remote" "-profile" "/tmp/rust_mozprofileJYwRJh"
1590823853624	addons.webextension.doh-rollout@mozilla.org	WARN	Loading extension 'doh-rollout@mozilla.org': Reading manifest: Invalid extension permission: networkStatus
1590823853835	addons.webextension.screenshots@mozilla.org	WARN	Loading extension 'screenshots@mozilla.org': Reading manifest: Invalid extension permission: mozillaAddons
1590823853835	addons.webextension.screenshots@mozilla.org	WARN	Loading extension 'screenshots@mozilla.org': Reading manifest: Invalid extension permission: telemetry
1590823853835	addons.webextension.screenshots@mozilla.org	WARN	Loading extension 'screenshots@mozilla.org': Reading manifest: Invalid extension permission: resource://pdf.js/
1590823853835	addons.webextension.screenshots@mozilla.org	WARN	Loading extension 'screenshots@mozilla.org': Reading manifest: Invalid extension permission: about:reader*
1590823855075	Marionette	INFO	Listening on port 39787
1590823855138	Marionette	WARN	TLS certificate errors will be ignored for this session
JavaScript error: https://github.githubassets.com/assets/frameworks-2151adfd.js, line 1: Error: HTTP 429 Too Many Requests
JavaScript error: https://github.githubassets.com/assets/frameworks-2151adfd.js, line 1: Error: HTTP 429 Too Many Requests
JavaScript error: https://github.githubassets.com/assets/frameworks-2151adfd.js, line 1: Error: HTTP 429 Too Many Requests
JavaScript error: https://github.githubassets.com/assets/frameworks-2151adfd.js, line 1: Error: HTTP 429 Too Many Requests
JavaScript error: https://github.githubassets.com/assets/frameworks-2151adfd.js, line 1: Error: HTTP 429 Too Many Requests
JavaScript error: https://github.githubassets.com/assets/frameworks-2151adfd.js, line 1: Error: HTTP 429 Too Many Requests
JavaScript error: https://github.githubassets.com/assets/frameworks-2151adfd.js, line 1: Error: HTTP 429 Too Many Requests
JavaScript error: https://github.githubassets.com/assets/frameworks-2151adfd.js, line 1: Error: HTTP 429 Too Many Requests
JavaScript error: https://github.githubassets.com/assets/frameworks-2151adfd.js, line 1: Error: HTTP 429 Too Many Requests
JavaScript error: https://github.githubassets.com/assets/frameworks-2151adfd.js, line 1: Error: HTTP 429 Too Many Requests
JavaScript error: https://github.githubassets.com/assets/frameworks-2151adfd.js, line 1: Error: HTTP 429 Too Many Requests
JavaScript error: https://github.githubassets.com/assets/frameworks-2151adfd.js, line 1: Error: HTTP 429 Too Many Requests
JavaScript error: https://github.githubassets.com/assets/frameworks-2151adfd.js, line 1: Error: HTTP 429 Too Many Requests
JavaScript error: https://github.githubassets.com/assets/frameworks-2151adfd.js, line 1: Error: HTTP 429 Too Many Requests
JavaScript error: https://github.githubassets.com/assets/frameworks-2151adfd.js, line 1: Error: HTTP 429 Too Many Requests
JavaScript error: https://github.githubassets.com/assets/frameworks-2151adfd.js, line 1: Error: HTTP 429 Too Many Requests
JavaScript error: https://github.githubassets.com/assets/frameworks-2151adfd.js, line 1: Error: HTTP 429 Too Many Requests
JavaScript error: https://github.githubassets.com/assets/frameworks-2151adfd.js, line 1: Error: HTTP 429 Too Many Requests
JavaScript error: https://github.githubassets.com/assets/frameworks-2151adfd.js, line 1: Error: HTTP 429 Too Many Requests
1590829816865	mozrunner::runner	INFO	Running command: "/usr/bin/firefox" "-marionette" "-foreground" "-no-remote" "-profile" "/tmp/rust_mozprofileCirXn1"
1590829817114	addons.webextension.doh-rollout@mozilla.org	WARN	Loading extension 'doh-rollout@mozilla.org': Reading manifest: Invalid extension permission: networkStatus
1590829817329	addons.webextension.screenshots@mozilla.org	WARN	Loading extension 'screenshots@mozilla.org': Reading manifest: Invalid extension permission: mozillaAddons
1590829817329	addons.webextension.screenshots@mozilla.org	WARN	Loading extension 'screenshots@mozilla.org': Reading manifest: Invalid extension permission: telemetry
1590829817330	addons.webextension.screenshots@mozilla.org	WARN	Loading extension 'screenshots@mozilla.org': Reading manifest: Invalid extension permission: resource://pdf.js/
1590829817330	addons.webextension.screenshots@mozilla.org	WARN	Loading extension 'screenshots@mozilla.org': Reading manifest: Invalid extension permission: about:reader*
1590829818372	Marionette	INFO	Listening on port 34489
1590829818470	Marionette	WARN	TLS certificate errors will be ignored for this session
1590832216988	Marionette	INFO	Stopped listening on port 34489
1590840145329	mozrunner::runner	INFO	Running command: "/usr/bin/firefox" "-marionette" "-foreground" "-no-remote" "-profile" "/tmp/rust_mozprofileKrZhbE"
1590840145570	addons.webextension.doh-rollout@mozilla.org	WARN	Loading extension 'doh-rollout@mozilla.org': Reading manifest: Invalid extension permission: networkStatus
1590840145781	addons.webextension.screenshots@mozilla.org	WARN	Loading extension 'screenshots@mozilla.org': Reading manifest: Invalid extension permission: mozillaAddons
1590840145781	addons.webextension.screenshots@mozilla.org	WARN	Loading extension 'screenshots@mozilla.org': Reading manifest: Invalid extension permission: telemetry
1590840145781	addons.webextension.screenshots@mozilla.org	WARN	Loading extension 'screenshots@mozilla.org': Reading manifest: Invalid extension permission: resource://pdf.js/
1590840145782	addons.webextension.screenshots@mozilla.org	WARN	Loading extension 'screenshots@mozilla.org': Reading manifest: Invalid extension permission: about:reader*
1590840146857	Marionette	INFO	Listening on port 32769
1590840146936	Marionette	WARN	TLS certificate errors will be ignored for this session
1590850794146	mozrunner::runner	INFO	Running command: "/usr/bin/firefox" "-marionette" "-foreground" "-no-remote" "-profile" "/tmp/rust_mozprofileSka8ZH"
1590850794401	addons.webextension.doh-rollout@mozilla.org	WARN	Loading extension 'doh-rollout@mozilla.org': Reading manifest: Invalid extension permission: networkStatus
1590850794677	addons.webextension.screenshots@mozilla.org	WARN	Loading extension 'screenshots@mozilla.org': Reading manifest: Invalid extension permission: mozillaAddons
1590850794677	addons.webextension.screenshots@mozilla.org	WARN	Loading extension 'screenshots@mozilla.org': Reading manifest: Invalid extension permission: telemetry
1590850794677	addons.webextension.screenshots@mozilla.org	WARN	Loading extension 'screenshots@mozilla.org': Reading manifest: Invalid extension permission: resource://pdf.js/
1590850794677	addons.webextension.screenshots@mozilla.org	WARN	Loading extension 'screenshots@mozilla.org': Reading manifest: Invalid extension permission: about:reader*
1590850795805	Marionette	INFO	Listening on port 37271
1590850795851	Marionette	WARN	TLS certificate errors will be ignored for this session
JavaScript error: , line 0: TypeError: NetworkError when attempting to fetch resource.
JavaScript error: , line 0: TypeError: NetworkError when attempting to fetch resource.
1590852924808	Marionette	INFO	Stopped listening on port 37271
1590852927703	Marionette	INFO	Stopped listening on port 32769
Exiting due to channel error.
Exiting due to channel error.
Exiting due to channel error.
1590919683675	mozrunner::runner	INFO	Running command: "/usr/bin/firefox" "-marionette" "-foreground" "-no-remote" "-profile" "/tmp/rust_mozprofileX5vV43"
1590919684094	addons.webextension.doh-rollout@mozilla.org	WARN	Loading extension 'doh-rollout@mozilla.org': Reading manifest: Invalid extension permission: networkStatus
1590919684365	addons.webextension.screenshots@mozilla.org	WARN	Loading extension 'screenshots@mozilla.org': Reading manifest: Invalid extension permission: mozillaAddons
1590919684365	addons.webextension.screenshots@mozilla.org	WARN	Loading extension 'screenshots@mozilla.org': Reading manifest: Invalid extension permission: telemetry
1590919684365	addons.webextension.screenshots@mozilla.org	WARN	Loading extension 'screenshots@mozilla.org': Reading manifest: Invalid extension permission: resource://pdf.js/
1590919684365	addons.webextension.screenshots@mozilla.org	WARN	Loading extension 'screenshots@mozilla.org': Reading manifest: Invalid extension permission: about:reader*
1590919685694	Marionette	INFO	Listening on port 39935
1590919685793	Marionette	WARN	TLS certificate errors will be ignored for this session
JavaScript error: https://github.githubassets.com/assets/frameworks-2151adfd.js, line 1: Error: HTTP 429 Too Many Requests
JavaScript error: https://github.githubassets.com/assets/frameworks-2151adfd.js, line 1: Error: HTTP 429 Too Many Requests
JavaScript error: https://github.githubassets.com/assets/frameworks-2151adfd.js, line 1: Error: HTTP 429 Too Many Requests
JavaScript error: https://github.githubassets.com/assets/frameworks-2151adfd.js, line 1: Error: HTTP 429 Too Many Requests
JavaScript error: https://github.githubassets.com/assets/frameworks-2151adfd.js, line 1: Error: HTTP 429 Too Many Requests
JavaScript error: https://github.githubassets.com/assets/frameworks-2151adfd.js, line 1: Error: HTTP 429 Too Many Requests
JavaScript error: https://github.githubassets.com/assets/frameworks-2151adfd.js, line 1: Error: HTTP 429 Too Many Requests
JavaScript error: https://github.githubassets.com/assets/frameworks-2151adfd.js, line 1: Error: HTTP 429 Too Many Requests
JavaScript error: https://github.githubassets.com/assets/frameworks-2151adfd.js, line 1: Error: HTTP 429 Too Many Requests
JavaScript error: https://github.githubassets.com/assets/frameworks-2151adfd.js, line 1: Error: HTTP 429 Too Many Requests
JavaScript error: https://github.githubassets.com/assets/frameworks-2151adfd.js, line 1: Error: HTTP 429 Too Many Requests
JavaScript error: https://github.githubassets.com/assets/frameworks-2151adfd.js, line 1: Error: HTTP 429 Too Many Requests
JavaScript error: https://github.githubassets.com/assets/frameworks-2151adfd.js, line 1: Error: HTTP 429 Too Many Requests
JavaScript error: https://github.githubassets.com/assets/frameworks-2151adfd.js, line 1: Error: HTTP 429 Too Many Requests
JavaScript error: https://github.githubassets.com/assets/frameworks-2151adfd.js, line 1: Error: HTTP 429 Too Many Requests
JavaScript error: https://github.githubassets.com/assets/frameworks-2151adfd.js, line 1: Error: HTTP 429 Too Many Requests
JavaScript error: https://github.githubassets.com/assets/frameworks-2151adfd.js, line 1: Error: HTTP 429 Too Many Requests
JavaScript error: https://github.githubassets.com/assets/frameworks-2151adfd.js, line 1: Error: HTTP 429 Too Many Requests
JavaScript error: https://github.githubassets.com/assets/frameworks-2151adfd.js, line 1: Error: HTTP 429 Too Many Requests
JavaScript error: https://github.githubassets.com/assets/frameworks-2151adfd.js, line 1: Error: HTTP 429 Too Many Requests
JavaScript error: https://github.githubassets.com/assets/frameworks-2151adfd.js, line 1: Error: HTTP 429 Too Many Requests
JavaScript error: https://github.githubassets.com/assets/frameworks-2151adfd.js, line 1: Error: HTTP 429 Too Many Requests
JavaScript error: https://github.githubassets.com/assets/frameworks-2151adfd.js, line 1: Error: HTTP 429 Too Many Requests
JavaScript error: https://github.githubassets.com/assets/frameworks-2151adfd.js, line 1: Error: HTTP 429 Too Many Requests
JavaScript error: https://github.githubassets.com/assets/frameworks-2151adfd.js, line 1: Error: HTTP 429 Too Many Requests
JavaScript error: https://github.githubassets.com/assets/frameworks-2151adfd.js, line 1: Error: HTTP 429 Too Many Requests
JavaScript error: https://github.githubassets.com/assets/frameworks-2151adfd.js, line 1: Error: HTTP 429 Too Many Requests
JavaScript error: https://github.githubassets.com/assets/frameworks-2151adfd.js, line 1: Error: HTTP 429 Too Many Requests
JavaScript error: https://github.githubassets.com/assets/frameworks-2151adfd.js, line 1: Error: HTTP 429 Too Many Requests
JavaScript error: https://github.githubassets.com/assets/frameworks-2151adfd.js, line 1: Error: HTTP 429 Too Many Requests
JavaScript error: https://github.githubassets.com/assets/frameworks-2151adfd.js, line 1: Error: HTTP 429 Too Many Requests
JavaScript error: https://github.githubassets.com/assets/frameworks-2151adfd.js, line 1: Error: HTTP 429 Too Many Requests
JavaScript error: https://github.githubassets.com/assets/frameworks-2151adfd.js, line 1: Error: HTTP 429 Too Many Requests
JavaScript error: https://github.githubassets.com/assets/frameworks-2151adfd.js, line 1: Error: HTTP 429 Too Many Requests
JavaScript error: https://github.githubassets.com/assets/frameworks-2151adfd.js, line 1: Error: HTTP 429 Too Many Requests
JavaScript error: https://github.githubassets.com/assets/frameworks-2151adfd.js, line 1: Error: HTTP 429 Too Many Requests
JavaScript error: https://github.githubassets.com/assets/frameworks-2151adfd.js, line 1: Error: HTTP 429 Too Many Requests
JavaScript error: https://github.githubassets.com/assets/frameworks-2151adfd.js, line 1: Error: HTTP 429 Too Many Requests
JavaScript error: https://github.githubassets.com/assets/frameworks-2151adfd.js, line 1: Error: HTTP 429 Too Many Requests
JavaScript error: https://github.githubassets.com/assets/frameworks-2151adfd.js, line 1: Error: HTTP 429 Too Many Requests
JavaScript error: https://github.githubassets.com/assets/frameworks-2151adfd.js, line 1: Error: HTTP 429 Too Many Requests
JavaScript error: https://github.githubassets.com/assets/frameworks-2151adfd.js, line 1: Error: HTTP 429 Too Many Requests
JavaScript error: https://github.githubassets.com/assets/frameworks-2151adfd.js, line 1: Error: HTTP 429 Too Many Requests
JavaScript error: https://github.githubassets.com/assets/frameworks-2151adfd.js, line 1: Error: HTTP 429 Too Many Requests
JavaScript error: https://github.githubassets.com/assets/frameworks-2151adfd.js, line 1: Error: HTTP 429 Too Many Requests
JavaScript error: https://github.githubassets.com/assets/frameworks-2151adfd.js, line 1: Error: HTTP 429 Too Many Requests
JavaScript error: https://github.githubassets.com/assets/frameworks-2151adfd.js, line 1: Error: HTTP 429 Too Many Requests
JavaScript error: https://github.githubassets.com/assets/frameworks-2151adfd.js, line 1: Error: HTTP 429 Too Many Requests
JavaScript error: https://github.githubassets.com/assets/frameworks-2151adfd.js, line 1: Error: HTTP 429 Too Many Requests
JavaScript error: https://github.githubassets.com/assets/frameworks-2151adfd.js, line 1: Error: HTTP 429 Too Many Requests
JavaScript error: https://github.githubassets.com/assets/frameworks-2151adfd.js, line 1: Error: HTTP 429 Too Many Requests
JavaScript error: https://github.githubassets.com/assets/frameworks-2151adfd.js, line 1: Error: HTTP 429 Too Many Requests
JavaScript error: https://github.githubassets.com/assets/frameworks-2151adfd.js, line 1: Error: HTTP 429 Too Many Requests
JavaScript error: https://github.githubassets.com/assets/frameworks-2151adfd.js, line 1: Error: HTTP 429 Too Many Requests
JavaScript error: https://github.githubassets.com/assets/frameworks-2151adfd.js, line 1: Error: HTTP 429 Too Many Requests
JavaScript error: https://github.githubassets.com/assets/frameworks-2151adfd.js, line 1: Error: HTTP 429 Too Many Requests
JavaScript error: https://github.githubassets.com/assets/frameworks-2151adfd.js, line 1: Error: HTTP 429 Too Many Requests
JavaScript error: https://github.githubassets.com/assets/frameworks-2151adfd.js, line 1: Error: HTTP 429 Too Many Requests
JavaScript error: https://github.githubassets.com/assets/frameworks-2151adfd.js, line 1: Error: HTTP 429 Too Many Requests
JavaScript error: https://github.githubassets.com/assets/frameworks-2151adfd.js, line 1: Error: HTTP 429 Too Many Requests
1590928973732	Marionette	INFO	Stopped listening on port 39935
1590928988625	mozrunner::runner	INFO	Running command: "/usr/bin/firefox" "-marionette" "-foreground" "-no-remote" "-profile" "/tmp/rust_mozprofileIY0KTz"
1590928988831	addons.webextension.doh-rollout@mozilla.org	WARN	Loading extension 'doh-rollout@mozilla.org': Reading manifest: Invalid extension permission: networkStatus
1590928989049	addons.webextension.screenshots@mozilla.org	WARN	Loading extension 'screenshots@mozilla.org': Reading manifest: Invalid extension permission: mozillaAddons
1590928989049	addons.webextension.screenshots@mozilla.org	WARN	Loading extension 'screenshots@mozilla.org': Reading manifest: Invalid extension permission: telemetry
1590928989049	addons.webextension.screenshots@mozilla.org	WARN	Loading extension 'screenshots@mozilla.org': Reading manifest: Invalid extension permission: resource://pdf.js/
1590928989049	addons.webextension.screenshots@mozilla.org	WARN	Loading extension 'screenshots@mozilla.org': Reading manifest: Invalid extension permission: about:reader*
1590928990345	Marionette	INFO	Listening on port 42545
1590928990431	Marionette	WARN	TLS certificate errors will be ignored for this session
JavaScript error: https://github.githubassets.com/assets/frameworks-2151adfd.js, line 1: Error: HTTP 429 Too Many Requests
JavaScript error: https://github.githubassets.com/assets/frameworks-2151adfd.js, line 1: Error: HTTP 429 Too Many Requests
JavaScript error: https://github.githubassets.com/assets/frameworks-2151adfd.js, line 1: Error: HTTP 429 Too Many Requests
JavaScript error: https://github.githubassets.com/assets/frameworks-2151adfd.js, line 1: Error: HTTP 429 Too Many Requests
JavaScript error: https://github.githubassets.com/assets/frameworks-2151adfd.js, line 1: Error: HTTP 429 Too Many Requests
JavaScript error: https://github.githubassets.com/assets/frameworks-2151adfd.js, line 1: Error: HTTP 429 Too Many Requests
JavaScript error: https://github.githubassets.com/assets/frameworks-2151adfd.js, line 1: Error: HTTP 429 Too Many Requests
JavaScript error: https://github.githubassets.com/assets/frameworks-2151adfd.js, line 1: Error: HTTP 429 Too Many Requests
JavaScript error: https://github.githubassets.com/assets/frameworks-2151adfd.js, line 1: Error: HTTP 429 Too Many Requests
JavaScript error: https://github.githubassets.com/assets/frameworks-2151adfd.js, line 1: Error: HTTP 429 Too Many Requests
JavaScript error: https://github.githubassets.com/assets/frameworks-2151adfd.js, line 1: Error: HTTP 429 Too Many Requests
JavaScript error: https://github.githubassets.com/assets/frameworks-2151adfd.js, line 1: Error: HTTP 429 Too Many Requests
JavaScript error: https://github.githubassets.com/assets/frameworks-2151adfd.js, line 1: Error: HTTP 429 Too Many Requests
JavaScript error: https://github.githubassets.com/assets/frameworks-2151adfd.js, line 1: Error: HTTP 429 Too Many Requests
JavaScript error: https://github.githubassets.com/assets/frameworks-2151adfd.js, line 1: Error: HTTP 429 Too Many Requests
JavaScript error: https://github.githubassets.com/assets/frameworks-2151adfd.js, line 1: Error: HTTP 429 Too Many Requests
JavaScript error: https://github.githubassets.com/assets/frameworks-2151adfd.js, line 1: Error: HTTP 429 Too Many Requests
JavaScript error: https://github.githubassets.com/assets/frameworks-2151adfd.js, line 1: Error: HTTP 429 Too Many Requests
JavaScript error: https://github.githubassets.com/assets/frameworks-2151adfd.js, line 1: Error: HTTP 429 Too Many Requests
JavaScript error: https://github.githubassets.com/assets/frameworks-2151adfd.js, line 1: Error: HTTP 429 Too Many Requests
JavaScript error: https://github.githubassets.com/assets/frameworks-2151adfd.js, line 1: Error: HTTP 429 Too Many Requests
JavaScript error: https://github.githubassets.com/assets/frameworks-2151adfd.js, line 1: Error: HTTP 429 Too Many Requests
JavaScript error: https://github.githubassets.com/assets/frameworks-2151adfd.js, line 1: Error: HTTP 429 Too Many Requests
JavaScript error: https://github.githubassets.com/assets/frameworks-2151adfd.js, line 1: Error: HTTP 429 Too Many Requests
JavaScript error: https://github.githubassets.com/assets/frameworks-2151adfd.js, line 1: Error: HTTP 429 Too Many Requests
JavaScript error: https://github.githubassets.com/assets/frameworks-2151adfd.js, line 1: Error: HTTP 429 Too Many Requests
JavaScript error: https://github.githubassets.com/assets/frameworks-2151adfd.js, line 1: Error: HTTP 429 Too Many Requests
JavaScript error: https://github.githubassets.com/assets/frameworks-2151adfd.js, line 1: Error: HTTP 429 Too Many Requests
JavaScript error: https://github.githubassets.com/assets/frameworks-2151adfd.js, line 1: Error: HTTP 429 Too Many Requests
JavaScript error: https://github.githubassets.com/assets/frameworks-2151adfd.js, line 1: Error: HTTP 429 Too Many Requests
JavaScript error: https://github.githubassets.com/assets/frameworks-2151adfd.js, line 1: Error: HTTP 429 Too Many Requests
JavaScript error: https://github.githubassets.com/assets/frameworks-2151adfd.js, line 1: Error: HTTP 429 Too Many Requests
JavaScript error: https://github.githubassets.com/assets/frameworks-2151adfd.js, line 1: Error: HTTP 429 Too Many Requests
JavaScript error: https://github.githubassets.com/assets/frameworks-2151adfd.js, line 1: Error: HTTP 429 Too Many Requests
JavaScript error: https://github.githubassets.com/assets/frameworks-2151adfd.js, line 1: Error: HTTP 429 Too Many Requests
JavaScript error: https://github.githubassets.com/assets/frameworks-2151adfd.js, line 1: Error: HTTP 429 Too Many Requests
JavaScript error: https://github.githubassets.com/assets/frameworks-2151adfd.js, line 1: Error: HTTP 429 Too Many Requests
JavaScript error: https://github.githubassets.com/assets/frameworks-2151adfd.js, line 1: Error: HTTP 429 Too Many Requests
JavaScript error: https://github.githubassets.com/assets/frameworks-2151adfd.js, line 1: Error: HTTP 429 Too Many Requests
JavaScript error: https://github.githubassets.com/assets/frameworks-2151adfd.js, line 1: Error: HTTP 429 Too Many Requests
1590931250657	Marionette	INFO	Stopped listening on port 42545
1590934383548	mozrunner::runner	INFO	Running command: "/usr/bin/firefox" "-marionette" "-foreground" "-no-remote" "-profile" "/tmp/rust_mozprofilehPXU39"
1590934383748	addons.webextension.doh-rollout@mozilla.org	WARN	Loading extension 'doh-rollout@mozilla.org': Reading manifest: Invalid extension permission: networkStatus
1590934383998	addons.webextension.screenshots@mozilla.org	WARN	Loading extension 'screenshots@mozilla.org': Reading manifest: Invalid extension permission: mozillaAddons
1590934383998	addons.webextension.screenshots@mozilla.org	WARN	Loading extension 'screenshots@mozilla.org': Reading manifest: Invalid extension permission: telemetry
1590934383998	addons.webextension.screenshots@mozilla.org	WARN	Loading extension 'screenshots@mozilla.org': Reading manifest: Invalid extension permission: resource://pdf.js/
1590934383998	addons.webextension.screenshots@mozilla.org	WARN	Loading extension 'screenshots@mozilla.org': Reading manifest: Invalid extension permission: about:reader*
1590934385037	Marionette	INFO	Listening on port 33763
1590934385053	Marionette	WARN	TLS certificate errors will be ignored for this session
JavaScript error: https://github.githubassets.com/assets/frameworks-2151adfd.js, line 1: Error: HTTP 429 Too Many Requests
JavaScript error: https://github.githubassets.com/assets/frameworks-2151adfd.js, line 1: Error: HTTP 429 Too Many Requests
JavaScript error: https://github.githubassets.com/assets/frameworks-2151adfd.js, line 1: Error: HTTP 429 Too Many Requests
JavaScript error: https://github.githubassets.com/assets/frameworks-2151adfd.js, line 1: Error: HTTP 429 Too Many Requests
JavaScript error: https://github.githubassets.com/assets/frameworks-2151adfd.js, line 1: Error: HTTP 429 Too Many Requests
JavaScript error: https://github.githubassets.com/assets/frameworks-2151adfd.js, line 1: Error: HTTP 429 Too Many Requests
JavaScript error: https://github.githubassets.com/assets/frameworks-2151adfd.js, line 1: Error: HTTP 429 Too Many Requests
JavaScript error: https://github.githubassets.com/assets/frameworks-2151adfd.js, line 1: Error: HTTP 429 Too Many Requests
JavaScript error: https://github.githubassets.com/assets/frameworks-2151adfd.js, line 1: Error: HTTP 429 Too Many Requests
JavaScript error: https://github.githubassets.com/assets/frameworks-2151adfd.js, line 1: Error: HTTP 429 Too Many Requests
JavaScript error: https://github.githubassets.com/assets/frameworks-2151adfd.js, line 1: Error: HTTP 429 Too Many Requests
JavaScript error: https://github.githubassets.com/assets/frameworks-2151adfd.js, line 1: Error: HTTP 429 Too Many Requests
JavaScript error: https://github.githubassets.com/assets/frameworks-2151adfd.js, line 1: Error: HTTP 429 Too Many Requests
JavaScript error: https://github.githubassets.com/assets/frameworks-2151adfd.js, line 1: Error: HTTP 429 Too Many Requests
JavaScript error: https://github.githubassets.com/assets/frameworks-2151adfd.js, line 1: Error: HTTP 429 Too Many Requests
JavaScript error: https://github.githubassets.com/assets/frameworks-2151adfd.js, line 1: Error: HTTP 429 Too Many Requests
JavaScript error: https://github.githubassets.com/assets/frameworks-2151adfd.js, line 1: Error: HTTP 429 Too Many Requests
JavaScript error: https://github.githubassets.com/assets/frameworks-2151adfd.js, line 1: Error: HTTP 429 Too Many Requests
JavaScript error: https://github.githubassets.com/assets/frameworks-2151adfd.js, line 1: Error: HTTP 429 Too Many Requests
JavaScript error: https://github.githubassets.com/assets/frameworks-2151adfd.js, line 1: Error: HTTP 429 Too Many Requests
JavaScript error: https://github.githubassets.com/assets/frameworks-2151adfd.js, line 1: Error: HTTP 429 Too Many Requests
JavaScript error: https://github.githubassets.com/assets/frameworks-2151adfd.js, line 1: Error: HTTP 429 Too Many Requests
JavaScript error: https://github.githubassets.com/assets/frameworks-2151adfd.js, line 1: Error: HTTP 429 Too Many Requests
JavaScript error: https://github.githubassets.com/assets/frameworks-2151adfd.js, line 1: Error: HTTP 429 Too Many Requests
JavaScript error: https://github.githubassets.com/assets/frameworks-2151adfd.js, line 1: Error: HTTP 429 Too Many Requests
JavaScript error: https://github.githubassets.com/assets/frameworks-2151adfd.js, line 1: Error: HTTP 429 Too Many Requests
JavaScript error: https://github.githubassets.com/assets/frameworks-2151adfd.js, line 1: Error: HTTP 429 Too Many Requests
JavaScript error: https://github.githubassets.com/assets/frameworks-2151adfd.js, line 1: Error: HTTP 429 Too Many Requests
JavaScript error: https://github.githubassets.com/assets/frameworks-2151adfd.js, line 1: Error: HTTP 429 Too Many Requests
JavaScript error: https://github.githubassets.com/assets/frameworks-2151adfd.js, line 1: Error: HTTP 429 Too Many Requests
JavaScript error: https://github.githubassets.com/assets/frameworks-2151adfd.js, line 1: Error: HTTP 429 Too Many Requests
JavaScript error: https://github.githubassets.com/assets/frameworks-2151adfd.js, line 1: Error: HTTP 429 Too Many Requests
JavaScript error: https://github.githubassets.com/assets/frameworks-2151adfd.js, line 1: Error: HTTP 429 Too Many Requests
JavaScript error: https://github.githubassets.com/assets/frameworks-2151adfd.js, line 1: Error: HTTP 429 Too Many Requests
JavaScript error: https://github.githubassets.com/assets/frameworks-2151adfd.js, line 1: Error: HTTP 429 Too Many Requests
JavaScript error: https://github.githubassets.com/assets/frameworks-2151adfd.js, line 1: Error: HTTP 429 Too Many Requests
JavaScript error: https://github.githubassets.com/assets/frameworks-2151adfd.js, line 1: Error: HTTP 429 Too Many Requests
JavaScript error: https://github.githubassets.com/assets/frameworks-2151adfd.js, line 1: Error: HTTP 429 Too Many Requests
JavaScript error: https://github.githubassets.com/assets/frameworks-2151adfd.js, line 1: Error: HTTP 429 Too Many Requests
JavaScript error: https://github.githubassets.com/assets/frameworks-2151adfd.js, line 1: Error: HTTP 429 Too Many Requests
JavaScript error: https://github.githubassets.com/assets/frameworks-2151adfd.js, line 1: Error: HTTP 429 Too Many Requests
1590940614642	Marionette	INFO	Stopped listening on port 33763
1590945714788	mozrunner::runner	INFO	Running command: "/usr/bin/firefox" "-marionette" "-foreground" "-no-remote" "-profile" "/tmp/rust_mozprofileZZO4e4"
1590945715049	addons.webextension.doh-rollout@mozilla.org	WARN	Loading extension 'doh-rollout@mozilla.org': Reading manifest: Invalid extension permission: networkStatus
1590945715303	addons.webextension.screenshots@mozilla.org	WARN	Loading extension 'screenshots@mozilla.org': Reading manifest: Invalid extension permission: mozillaAddons
1590945715304	addons.webextension.screenshots@mozilla.org	WARN	Loading extension 'screenshots@mozilla.org': Reading manifest: Invalid extension permission: telemetry
1590945715304	addons.webextension.screenshots@mozilla.org	WARN	Loading extension 'screenshots@mozilla.org': Reading manifest: Invalid extension permission: resource://pdf.js/
1590945715304	addons.webextension.screenshots@mozilla.org	WARN	Loading extension 'screenshots@mozilla.org': Reading manifest: Invalid extension permission: about:reader*
1590945716333	Marionette	INFO	Listening on port 33153
1590945716393	Marionette	WARN	TLS certificate errors will be ignored for this session
JavaScript error: https://github.githubassets.com/assets/frameworks-2151adfd.js, line 1: Error: HTTP 429 Too Many Requests
JavaScript error: https://github.githubassets.com/assets/frameworks-2151adfd.js, line 1: Error: HTTP 429 Too Many Requests
JavaScript error: https://github.githubassets.com/assets/frameworks-2151adfd.js, line 1: Error: HTTP 429 Too Many Requests
JavaScript error: https://github.githubassets.com/assets/frameworks-2151adfd.js, line 1: Error: HTTP 429 Too Many Requests
JavaScript error: https://github.githubassets.com/assets/frameworks-2151adfd.js, line 1: Error: HTTP 429 Too Many Requests
JavaScript error: https://github.githubassets.com/assets/frameworks-2151adfd.js, line 1: Error: HTTP 429 Too Many Requests
JavaScript error: https://github.githubassets.com/assets/frameworks-2151adfd.js, line 1: Error: HTTP 429 Too Many Requests
JavaScript error: https://github.githubassets.com/assets/frameworks-2151adfd.js, line 1: Error: HTTP 429 Too Many Requests
JavaScript error: https://github.githubassets.com/assets/frameworks-2151adfd.js, line 1: Error: HTTP 429 Too Many Requests
JavaScript error: https://github.githubassets.com/assets/frameworks-2151adfd.js, line 1: Error: HTTP 429 Too Many Requests
JavaScript error: https://github.githubassets.com/assets/frameworks-2151adfd.js, line 1: Error: HTTP 429 Too Many Requests
JavaScript error: https://github.githubassets.com/assets/frameworks-2151adfd.js, line 1: Error: HTTP 429 Too Many Requests
JavaScript error: https://github.githubassets.com/assets/frameworks-2151adfd.js, line 1: Error: HTTP 429 Too Many Requests
JavaScript error: https://github.githubassets.com/assets/frameworks-2151adfd.js, line 1: Error: HTTP 429 Too Many Requests
JavaScript error: https://github.githubassets.com/assets/frameworks-2151adfd.js, line 1: Error: HTTP 429 Too Many Requests
JavaScript error: https://github.githubassets.com/assets/frameworks-2151adfd.js, line 1: Error: HTTP 429 Too Many Requests
JavaScript error: https://github.githubassets.com/assets/frameworks-2151adfd.js, line 1: Error: HTTP 429 Too Many Requests
JavaScript error: https://github.githubassets.com/assets/frameworks-2151adfd.js, line 1: Error: HTTP 429 Too Many Requests
JavaScript error: https://github.githubassets.com/assets/frameworks-2151adfd.js, line 1: Error: HTTP 429 Too Many Requests
JavaScript error: https://github.githubassets.com/assets/frameworks-2151adfd.js, line 1: Error: HTTP 429 Too Many Requests
JavaScript error: https://github.githubassets.com/assets/frameworks-2151adfd.js, line 1: Error: HTTP 429 Too Many Requests
JavaScript error: https://github.githubassets.com/assets/frameworks-2151adfd.js, line 1: Error: HTTP 429 Too Many Requests
JavaScript error: https://github.githubassets.com/assets/frameworks-2151adfd.js, line 1: Error: HTTP 429 Too Many Requests
JavaScript error: https://github.githubassets.com/assets/frameworks-2151adfd.js, line 1: Error: HTTP 429 Too Many Requests
JavaScript error: https://github.githubassets.com/assets/frameworks-2151adfd.js, line 1: Error: HTTP 429 Too Many Requests
JavaScript error: https://github.githubassets.com/assets/frameworks-2151adfd.js, line 1: Error: HTTP 429 Too Many Requests
JavaScript error: https://github.githubassets.com/assets/frameworks-2151adfd.js, line 1: Error: HTTP 429 Too Many Requests
JavaScript error: https://github.githubassets.com/assets/frameworks-2151adfd.js, line 1: Error: HTTP 429 Too Many Requests
JavaScript error: https://github.githubassets.com/assets/frameworks-2151adfd.js, line 1: Error: HTTP 429 Too Many Requests
JavaScript error: https://github.githubassets.com/assets/frameworks-2151adfd.js, line 1: Error: HTTP 429 Too Many Requests
JavaScript error: https://github.githubassets.com/assets/frameworks-2151adfd.js, line 1: Error: HTTP 429 Too Many Requests
JavaScript error: https://github.githubassets.com/assets/frameworks-2151adfd.js, line 1: Error: HTTP 429 Too Many Requests
JavaScript error: https://github.githubassets.com/assets/frameworks-2151adfd.js, line 1: Error: HTTP 429 Too Many Requests
JavaScript error: https://github.githubassets.com/assets/frameworks-2151adfd.js, line 1: Error: HTTP 429 Too Many Requests
JavaScript error: https://github.githubassets.com/assets/frameworks-2151adfd.js, line 1: Error: HTTP 429 Too Many Requests
JavaScript error: https://github.githubassets.com/assets/frameworks-2151adfd.js, line 1: Error: HTTP 429 Too Many Requests
JavaScript error: https://github.githubassets.com/assets/frameworks-2151adfd.js, line 1: Error: HTTP 429 Too Many Requests
1590958592111	Marionette	INFO	Stopped listening on port 33153
1591455655544	mozrunner::runner	INFO	Running command: "/usr/bin/firefox" "-marionette" "-foreground" "-no-remote" "-profile" "/tmp/rust_mozprofileQDm9HZ"
1591455657100	Marionette	INFO	Listening on port 38945
1591455657153	Marionette	WARN	TLS certificate errors will be ignored for this session
JavaScript error: https://github.githubassets.com/assets/frameworks-fe6f08d4.js, line 1: Error: HTTP 429 Too Many Requests
JavaScript error: https://github.githubassets.com/assets/frameworks-fe6f08d4.js, line 1: Error: HTTP 429 Too Many Requests
JavaScript error: https://github.githubassets.com/assets/frameworks-fe6f08d4.js, line 1: Error: HTTP 429 Too Many Requests
JavaScript error: https://github.githubassets.com/assets/frameworks-fe6f08d4.js, line 1: Error: HTTP 429 Too Many Requests
JavaScript error: https://github.githubassets.com/assets/frameworks-fe6f08d4.js, line 1: Error: HTTP 429 Too Many Requests
JavaScript error: https://github.githubassets.com/assets/frameworks-fe6f08d4.js, line 1: Error: HTTP 429 Too Many Requests
JavaScript error: https://github.githubassets.com/assets/frameworks-fe6f08d4.js, line 1: Error: HTTP 429 Too Many Requests
JavaScript error: https://github.githubassets.com/assets/frameworks-fe6f08d4.js, line 1: Error: HTTP 429 Too Many Requests
JavaScript error: https://github.githubassets.com/assets/frameworks-fe6f08d4.js, line 1: Error: HTTP 429 Too Many Requests
JavaScript error: https://github.githubassets.com/assets/frameworks-fe6f08d4.js, line 1: Error: HTTP 429 Too Many Requests
JavaScript error: https://github.githubassets.com/assets/frameworks-fe6f08d4.js, line 1: Error: HTTP 429 Too Many Requests
JavaScript error: https://github.githubassets.com/assets/frameworks-fe6f08d4.js, line 1: Error: HTTP 429 Too Many Requests
JavaScript error: https://github.githubassets.com/assets/frameworks-fe6f08d4.js, line 1: Error: HTTP 429 Too Many Requests
JavaScript error: https://github.githubassets.com/assets/frameworks-fe6f08d4.js, line 1: Error: HTTP 429 Too Many Requests
JavaScript error: https://github.githubassets.com/assets/frameworks-fe6f08d4.js, line 1: Error: HTTP 429 Too Many Requests
JavaScript error: https://github.githubassets.com/assets/frameworks-fe6f08d4.js, line 1: Error: HTTP 429 Too Many Requests
JavaScript error: https://github.githubassets.com/assets/frameworks-fe6f08d4.js, line 1: Error: HTTP 429 Too Many Requests
JavaScript error: https://github.githubassets.com/assets/frameworks-fe6f08d4.js, line 1: Error: HTTP 429 Too Many Requests
JavaScript error: https://github.githubassets.com/assets/frameworks-fe6f08d4.js, line 1: Error: HTTP 429 Too Many Requests
JavaScript error: https://github.githubassets.com/assets/frameworks-fe6f08d4.js, line 1: Error: HTTP 429 Too Many Requests
JavaScript error: https://github.githubassets.com/assets/frameworks-fe6f08d4.js, line 1: Error: HTTP 429 Too Many Requests
JavaScript error: https://github.githubassets.com/assets/frameworks-fe6f08d4.js, line 1: Error: HTTP 429 Too Many Requests
JavaScript error: https://github.githubassets.com/assets/frameworks-fe6f08d4.js, line 1: Error: HTTP 429 Too Many Requests
JavaScript error: https://github.githubassets.com/assets/frameworks-fe6f08d4.js, line 1: Error: HTTP 429 Too Many Requests
JavaScript error: https://github.githubassets.com/assets/frameworks-fe6f08d4.js, line 1: Error: HTTP 429 Too Many Requests
JavaScript error: https://github.githubassets.com/assets/frameworks-fe6f08d4.js, line 1: Error: HTTP 429 Too Many Requests
JavaScript error: https://github.githubassets.com/assets/frameworks-fe6f08d4.js, line 1: Error: HTTP 429 Too Many Requests
JavaScript error: https://github.githubassets.com/assets/frameworks-fe6f08d4.js, line 1: Error: HTTP 429 Too Many Requests
JavaScript error: https://github.githubassets.com/assets/frameworks-fe6f08d4.js, line 1: Error: HTTP 429 Too Many Requests
JavaScript error: https://github.githubassets.com/assets/frameworks-fe6f08d4.js, line 1: Error: HTTP 429 Too Many Requests
JavaScript error: https://github.githubassets.com/assets/frameworks-fe6f08d4.js, line 1: Error: HTTP 429 Too Many Requests
JavaScript error: https://github.githubassets.com/assets/frameworks-fe6f08d4.js, line 1: Error: HTTP 429 Too Many Requests
JavaScript error: https://github.githubassets.com/assets/frameworks-fe6f08d4.js, line 1: Error: HTTP 429 Too Many Requests
JavaScript error: https://github.githubassets.com/assets/frameworks-fe6f08d4.js, line 1: Error: HTTP 429 Too Many Requests
JavaScript error: https://github.githubassets.com/assets/frameworks-fe6f08d4.js, line 1: Error: HTTP 429 Too Many Requests
JavaScript error: https://github.githubassets.com/assets/frameworks-fe6f08d4.js, line 1: Error: HTTP 429 Too Many Requests
JavaScript error: https://github.githubassets.com/assets/frameworks-fe6f08d4.js, line 1: Error: HTTP 429 Too Many Requests
JavaScript error: https://github.githubassets.com/assets/frameworks-fe6f08d4.js, line 1: Error: HTTP 429 Too Many Requests
JavaScript error: https://github.githubassets.com/assets/frameworks-fe6f08d4.js, line 1: Error: HTTP 429 Too Many Requests
1591618962147	mozrunner::runner	INFO	Running command: "/usr/bin/firefox" "-marionette" "-foreground" "-no-remote" "-profile" "/tmp/rust_mozprofilezTgrMk"
1591618964146	Marionette	INFO	Listening on port 45595
1591618964157	Marionette	WARN	TLS certificate errors will be ignored for this session
1591624011550	mozrunner::runner	INFO	Running command: "/usr/bin/firefox" "-marionette" "-foreground" "-no-remote" "-profile" "/tmp/rust_mozprofileAYUoFB"
1591624013142	Marionette	INFO	Listening on port 33895
1591624013155	Marionette	WARN	TLS certificate errors will be ignored for this session
1591624014857	Marionette	INFO	Stopped listening on port 45595
1591684629494	mozrunner::runner	INFO	Running command: "/usr/bin/firefox" "-marionette" "-foreground" "-no-remote" "-profile" "/tmp/rust_mozprofileDO1g7K"
1591684631422	Marionette	INFO	Listening on port 44135
1591684631504	Marionette	WARN	TLS certificate errors will be ignored for this session
Gdk-Message: 09:41:59.203: firefox: Fatal IO error 11 (Resource temporarily unavailable) on X server :1.

1591692515603	mozrunner::runner	INFO	Running command: "/usr/bin/firefox" "-marionette" "-foreground" "-no-remote" "-profile" "/tmp/rust_mozprofileANJSVM"
1591692517323	Marionette	INFO	Listening on port 39143
1591692517409	Marionette	WARN	TLS certificate errors will be ignored for this session
1591692537303	Marionette	INFO	Stopped listening on port 39143
1591692545889	mozrunner::runner	INFO	Running command: "/usr/bin/firefox" "-marionette" "-foreground" "-no-remote" "-profile" "/tmp/rust_mozprofileKQaZta"
1591692547470	Marionette	INFO	Listening on port 36249
1591692547494	Marionette	WARN	TLS certificate errors will be ignored for this session
1591703234798	mozrunner::runner	INFO	Running command: "/usr/bin/firefox" "-marionette" "-foreground" "-no-remote" "-profile" "/tmp/rust_mozprofilelpF1Q5"
1591703236618	Marionette	INFO	Listening on port 42841
1591703236705	Marionette	WARN	TLS certificate errors will be ignored for this session
